TN:
SF:Task_4.js
FN:1,checkNumber
FNF:1
FNH:1
FNDA:7,checkNumber
DA:3,7
DA:4,7
DA:6,3
DA:7,3
DA:9,1
DA:13,2
DA:15,3
DA:17,2
DA:21,1
DA:23,3
DA:27,4
DA:29,1
DA:30,1
DA:31,1
DA:32,1
DA:34,3
DA:36,1
DA:37,1
DA:38,1
DA:39,1
DA:41,2
DA:43,3
DA:45,2
DA:46,2
DA:50,1
DA:53,2
DA:55,1
DA:59,1
DA:61,2
DA:63,1
DA:67,1
DA:69,2
DA:73,1
LF:33
LH:33
BRDA:4,0,0,3
BRDA:4,0,1,4
BRDA:7,1,0,1
BRDA:7,1,1,2
BRDA:15,2,0,2
BRDA:15,2,1,1
BRDA:27,3,0,1
BRDA:27,3,1,3
BRDA:34,4,0,1
BRDA:34,4,1,2
BRDA:43,5,0,2
BRDA:43,5,1,1
BRDA:53,6,0,1
BRDA:53,6,1,1
BRDA:61,7,0,1
BRDA:61,7,1,1
BRF:16
BRH:16
end_of_record
