{"D:\\HW\\practices\\08_pr\\src\\ts\\encodeMorse.ts": {"path":"D:\\HW\\practices\\08_pr\\src\\ts\\encodeMorse.ts","statementMap":{"0":{"start":{"line":4,"column":17},"end":{"line":4,"column":19}},"1":{"start":{"line":5,"column":4},"end":{"line":16,"column":5}},"2":{"start":{"line":6,"column":8},"end":{"line":14,"column":11}},"3":{"start":{"line":7,"column":12},"end":{"line":9,"column":13}},"4":{"start":{"line":8,"column":16},"end":{"line":8,"column":35}},"5":{"start":{"line":15,"column":8},"end":{"line":15,"column":23}},"6":{"start":{"line":18,"column":22},"end":{"line":18,"column":52}},"7":{"start":{"line":20,"column":4},"end":{"line":26,"column":6}},"8":{"start":{"line":21,"column":8},"end":{"line":25,"column":10}},"9":{"start":{"line":22,"column":12},"end":{"line":24,"column":13}},"10":{"start":{"line":23,"column":16},"end":{"line":23,"column":42}},"11":{"start":{"line":28,"column":4},"end":{"line":28,"column":25}}},"fnMap":{"0":{"name":"encodeMorse","decl":{"start":{"line":3,"column":24},"end":{"line":3,"column":35}},"loc":{"start":{"line":3,"column":58},"end":{"line":29,"column":1}},"line":3},"1":{"name":"(anonymous_1)","decl":{"start":{"line":6,"column":25},"end":{"line":6,"column":26}},"loc":{"start":{"line":6,"column":31},"end":{"line":14,"column":9}},"line":6},"2":{"name":"(anonymous_2)","decl":{"start":{"line":20,"column":22},"end":{"line":20,"column":23}},"loc":{"start":{"line":20,"column":27},"end":{"line":26,"column":5}},"line":20},"3":{"name":"(anonymous_3)","decl":{"start":{"line":21,"column":25},"end":{"line":21,"column":26}},"loc":{"start":{"line":21,"column":31},"end":{"line":25,"column":9}},"line":21}},"branchMap":{"0":{"loc":{"start":{"line":5,"column":4},"end":{"line":16,"column":5}},"type":"if","locations":[{"start":{"line":5,"column":4},"end":{"line":16,"column":5}},{"start":{},"end":{}}],"line":5},"1":{"loc":{"start":{"line":7,"column":12},"end":{"line":9,"column":13}},"type":"if","locations":[{"start":{"line":7,"column":12},"end":{"line":9,"column":13}},{"start":{},"end":{}}],"line":7},"2":{"loc":{"start":{"line":22,"column":12},"end":{"line":24,"column":13}},"type":"if","locations":[{"start":{"line":22,"column":12},"end":{"line":24,"column":13}},{"start":{},"end":{}}],"line":22}},"s":{"0":4,"1":4,"2":1,"3":37,"4":1,"5":1,"6":3,"7":3,"8":26,"9":962,"10":19,"11":3},"f":{"0":4,"1":37,"2":26,"3":962},"b":{"0":[1,3],"1":[1,36],"2":[19,943]},"_coverageSchema":"1a1c01bbd47fc00a2c39e90264f33305004495a9","hash":"11bf107fd75b9ea6571cd08f788d16ef49f61d2e"}
,"D:\\HW\\practices\\08_pr\\src\\ts\\index.ts": {"path":"D:\\HW\\practices\\08_pr\\src\\ts\\index.ts","statementMap":{"0":{"start":{"line":5,"column":8},"end":{"line":5,"column":29}},"1":{"start":{"line":6,"column":8},"end":{"line":6,"column":39}},"2":{"start":{"line":10,"column":44},"end":{"line":48,"column":1}}},"fnMap":{"0":{"name":"(anonymous_0)","decl":{"start":{"line":4,"column":4},"end":{"line":4,"column":5}},"loc":{"start":{"line":4,"column":53},"end":{"line":7,"column":5}},"line":4}},"branchMap":{},"s":{"0":37,"1":37,"2":1},"f":{"0":37},"b":{},"_coverageSchema":"1a1c01bbd47fc00a2c39e90264f33305004495a9","hash":"64a2d689c62b3273042f8e4fd3e39bb9a546674c"}
}
