TN:
SF:src\ts\encodeMorse.ts
FN:3,encodeMorse
FN:6,(anonymous_1)
FN:20,(anonymous_2)
FN:21,(anonymous_3)
FNF:4
FNH:4
FNDA:4,encodeMorse
FNDA:37,(anonymous_1)
FNDA:26,(anonymous_2)
FNDA:962,(anonymous_3)
DA:4,4
DA:5,4
DA:6,1
DA:7,37
DA:8,1
DA:15,1
DA:18,3
DA:20,3
DA:21,26
DA:22,962
DA:23,19
DA:28,3
LF:12
LH:12
BRDA:5,0,0,1
BRDA:5,0,1,3
BRDA:7,1,0,1
BRDA:7,1,1,36
BRDA:22,2,0,19
BRDA:22,2,1,943
BRF:6
BRH:6
end_of_record
TN:
SF:src\ts\index.ts
FN:4,(anonymous_0)
FNF:1
FNH:1
FNDA:37,(anonymous_0)
DA:5,37
DA:6,37
DA:10,1
LF:3
LH:3
BRF:0
BRH:0
end_of_record
