<?xml version="1.0" encoding="UTF-8"?>
<coverage generated="1640265408154" clover="3.2.0">
  <project timestamp="1640265408154" name="All files">
    <metrics statements="21" coveredstatements="21" conditionals="20" coveredconditionals="20" methods="1" coveredmethods="1" elements="42" coveredelements="42" complexity="0" loc="21" ncloc="21" packages="1" files="1" classes="1"/>
    <file name="Task3.js" path="D:\HW\practices\02_pr\src\Task3.js">
      <metrics statements="21" coveredstatements="21" conditionals="20" coveredconditionals="20" methods="1" coveredmethods="1"/>
      <line num="3" count="4" type="stmt"/>
      <line num="4" count="4" type="stmt"/>
      <line num="5" count="4" type="stmt"/>
      <line num="6" count="4" type="stmt"/>
      <line num="7" count="4" type="stmt"/>
      <line num="9" count="17" type="cond" truecount="7" falsecount="0"/>
      <line num="11" count="1" type="stmt"/>
      <line num="14" count="4" type="stmt"/>
      <line num="16" count="18" type="cond" truecount="7" falsecount="0"/>
      <line num="18" count="1" type="stmt"/>
      <line num="21" count="4" type="stmt"/>
      <line num="22" count="4" type="cond" truecount="2" falsecount="0"/>
      <line num="24" count="3" type="stmt"/>
      <line num="26" count="12" type="stmt"/>
      <line num="28" count="48" type="cond" truecount="2" falsecount="0"/>
      <line num="30" count="10" type="stmt"/>
      <line num="34" count="3" type="cond" truecount="2" falsecount="0"/>
      <line num="36" count="2" type="stmt"/>
      <line num="40" count="1" type="stmt"/>
      <line num="45" count="1" type="stmt"/>
      <line num="49" count="1" type="stmt"/>
    </file>
  </project>
</coverage>
