{"D:\\HW\\practices\\02_pr\\src\\Task3.js": {"path":"D:\\HW\\practices\\02_pr\\src\\Task3.js","statementMap":{"0":{"start":{"line":3,"column":4},"end":{"line":3,"column":30}},"1":{"start":{"line":4,"column":4},"end":{"line":4,"column":30}},"2":{"start":{"line":5,"column":15},"end":{"line":5,"column":29}},"3":{"start":{"line":6,"column":15},"end":{"line":6,"column":29}},"4":{"start":{"line":7,"column":4},"end":{"line":13,"column":5}},"5":{"start":{"line":7,"column":17},"end":{"line":7,"column":18}},"6":{"start":{"line":9,"column":8},"end":{"line":12,"column":9}},"7":{"start":{"line":11,"column":12},"end":{"line":11,"column":30}},"8":{"start":{"line":14,"column":4},"end":{"line":20,"column":5}},"9":{"start":{"line":14,"column":17},"end":{"line":14,"column":18}},"10":{"start":{"line":16,"column":8},"end":{"line":19,"column":9}},"11":{"start":{"line":18,"column":12},"end":{"line":18,"column":30}},"12":{"start":{"line":21,"column":16},"end":{"line":21,"column":17}},"13":{"start":{"line":22,"column":4},"end":{"line":46,"column":5}},"14":{"start":{"line":24,"column":8},"end":{"line":33,"column":9}},"15":{"start":{"line":24,"column":21},"end":{"line":24,"column":22}},"16":{"start":{"line":26,"column":12},"end":{"line":32,"column":13}},"17":{"start":{"line":26,"column":25},"end":{"line":26,"column":26}},"18":{"start":{"line":28,"column":16},"end":{"line":31,"column":17}},"19":{"start":{"line":30,"column":20},"end":{"line":30,"column":28}},"20":{"start":{"line":34,"column":8},"end":{"line":41,"column":9}},"21":{"start":{"line":36,"column":12},"end":{"line":36,"column":49}},"22":{"start":{"line":40,"column":12},"end":{"line":40,"column":41}},"23":{"start":{"line":45,"column":8},"end":{"line":45,"column":37}},"24":{"start":{"line":49,"column":0},"end":{"line":49,"column":23}}},"fnMap":{"0":{"name":"task3","decl":{"start":{"line":1,"column":9},"end":{"line":1,"column":14}},"loc":{"start":{"line":2,"column":0},"end":{"line":48,"column":1}},"line":2}},"branchMap":{"0":{"loc":{"start":{"line":9,"column":8},"end":{"line":12,"column":9}},"type":"if","locations":[{"start":{"line":9,"column":8},"end":{"line":12,"column":9}},{"start":{},"end":{}}],"line":9},"1":{"loc":{"start":{"line":9,"column":12},"end":{"line":9,"column":103}},"type":"binary-expr","locations":[{"start":{"line":9,"column":12},"end":{"line":9,"column":27}},{"start":{"line":9,"column":31},"end":{"line":9,"column":46}},{"start":{"line":9,"column":50},"end":{"line":9,"column":65}},{"start":{"line":9,"column":69},"end":{"line":9,"column":84}},{"start":{"line":9,"column":88},"end":{"line":9,"column":103}}],"line":9},"2":{"loc":{"start":{"line":16,"column":8},"end":{"line":19,"column":9}},"type":"if","locations":[{"start":{"line":16,"column":8},"end":{"line":19,"column":9}},{"start":{},"end":{}}],"line":16},"3":{"loc":{"start":{"line":16,"column":12},"end":{"line":16,"column":103}},"type":"binary-expr","locations":[{"start":{"line":16,"column":12},"end":{"line":16,"column":27}},{"start":{"line":16,"column":31},"end":{"line":16,"column":46}},{"start":{"line":16,"column":50},"end":{"line":16,"column":65}},{"start":{"line":16,"column":69},"end":{"line":16,"column":84}},{"start":{"line":16,"column":88},"end":{"line":16,"column":103}}],"line":16},"4":{"loc":{"start":{"line":22,"column":4},"end":{"line":46,"column":5}},"type":"if","locations":[{"start":{"line":22,"column":4},"end":{"line":46,"column":5}},{"start":{"line":44,"column":4},"end":{"line":46,"column":5}}],"line":22},"5":{"loc":{"start":{"line":28,"column":16},"end":{"line":31,"column":17}},"type":"if","locations":[{"start":{"line":28,"column":16},"end":{"line":31,"column":17}},{"start":{},"end":{}}],"line":28},"6":{"loc":{"start":{"line":34,"column":8},"end":{"line":41,"column":9}},"type":"if","locations":[{"start":{"line":34,"column":8},"end":{"line":41,"column":9}},{"start":{"line":39,"column":8},"end":{"line":41,"column":9}}],"line":34}},"s":{"0":4,"1":4,"2":4,"3":4,"4":4,"5":4,"6":17,"7":1,"8":4,"9":4,"10":18,"11":1,"12":4,"13":4,"14":3,"15":3,"16":12,"17":12,"18":48,"19":10,"20":3,"21":2,"22":1,"23":1,"24":1},"f":{"0":4},"b":{"0":[1,16],"1":[17,17,17,16,16],"2":[1,17],"3":[18,18,17,17,17],"4":[3,1],"5":[10,38],"6":[2,1]},"_coverageSchema":"1a1c01bbd47fc00a2c39e90264f33305004495a9","hash":"d65f807cf2d60b8ebad28ce1da14ffa20eeddd5b"}
}
