TN:
SF:src\Task3.js
FN:1,task3
FNF:1
FNH:1
FNDA:4,task3
DA:3,4
DA:4,4
DA:5,4
DA:6,4
DA:7,4
DA:9,17
DA:11,1
DA:14,4
DA:16,18
DA:18,1
DA:21,4
DA:22,4
DA:24,3
DA:26,12
DA:28,48
DA:30,10
DA:34,3
DA:36,2
DA:40,1
DA:45,1
DA:49,1
LF:21
LH:21
BRDA:9,0,0,1
BRDA:9,0,1,16
BRDA:9,1,0,17
BRDA:9,1,1,17
BRDA:9,1,2,17
BRDA:9,1,3,16
BRDA:9,1,4,16
BRDA:16,2,0,1
BRDA:16,2,1,17
BRDA:16,3,0,18
BRDA:16,3,1,18
BRDA:16,3,2,17
BRDA:16,3,3,17
BRDA:16,3,4,17
BRDA:22,4,0,3
BRDA:22,4,1,1
BRDA:28,5,0,10
BRDA:28,5,1,38
BRDA:34,6,0,2
BRDA:34,6,1,1
BRF:20
BRH:20
end_of_record
